#
# A fatal error has been detected by the Java Runtime Environment:
#
#  EXCEPTION_ACCESS_VIOLATION (0xc0000005) at pc=0x00007ffbc6ea53d7, pid=3628, tid=3604
#
# JRE version: Java(TM) SE Runtime Environment (13.0.2+8) (build 13.0.2+8)
# Java VM: Java HotSpot(TM) 64-Bit Server VM (13.0.2+8, mixed mode, sharing, tiered, compressed oops, g1 gc, windows-amd64)
# Problematic frame:
# V  [jvm.dll+0x2d53d7]
#
# No core dump will be written. Minidumps are not enabled by default on client versions of Windows
#
# If you would like to submit a bug report, please visit:
#   http://bugreport.java.com/bugreport/crash.jsp
#

---------------  S U M M A R Y ------------

Command Line: -XX:+UnlockExperimentalVMOptions -XX:-OmitStackTraceInFastThrow -XX:+TrustFinalNonStaticFields -Dio.netty.tryReflectionSetAccessible=true -Dfile.encoding=UTF-8 -XX:+AlwaysPreTouch -Djdk.tls.ephemeralDHKeySize=2048 -Djdk.nio.maxCachedBufferSize=262144 -XX:+DisableExplicitGC -XX:+UseG1GC -Djdk.tls.rejectClientInitiatedRenegotiation=true exit abort 

Host: Intel(R) Core(TM) i3-6006U CPU @ 2.00GHz, 4 cores, 3G,  Windows 10 , 64 bit Build 18362 (10.0.18362.1316)
Time: Sat Feb 20 08:13:54 2021 SE Asia Standard Time elapsed time: 84 seconds (0d 0h 1m 24s)

---------------  T H R E A D  ---------------

Current thread (0x0000000020275000):  GCTaskThread "GC Thread#1" [stack: 0x0000000020d90000,0x0000000020e90000] [id=3604]

Stack: [0x0000000020d90000,0x0000000020e90000],  sp=0x0000000020e8e2b0,  free space=1016k
Native frames: (J=compiled Java code, j=interpreted, Vv=VM code, C=native code)
V  [jvm.dll+0x2d53d7]
V  [jvm.dll+0x7345b8]
V  [jvm.dll+0x68b5dd]
V  [jvm.dll+0x734ead]
V  [jvm.dll+0x68c808]
V  [jvm.dll+0x79d800]
V  [jvm.dll+0x72fcaa]
V  [jvm.dll+0x623ea6]
C  [ucrtbase.dll+0x210b2]
C  [KERNEL32.DLL+0x17c24]
C  [ntdll.dll+0x6d4d1]


siginfo: EXCEPTION_ACCESS_VIOLATION (0xc0000005), reading address 0x0000000001ec7018


Register to memory mapping:

RIP=0x00007ffbc6ea53d7 jvm.dll
RAX=0x0000000001ec6fb0 is pointing into the stack for thread: 0x0000000002724800
RBX=0x0000000020e8e310 points into unknown readable memory: 20 f1 92 26 00 00 00 00
RCX=0x000000000000000e is an unknown value
RDX=0x00000000126daf90 is at entry_point+-432 in (nmethod*)0x00000000126daf90
RSP=0x0000000020e8e2b0 points into unknown readable memory: b0 6f ec 01 00 00 00 00
RBP=0x0000000001ec7020 is pointing into the stack for thread: 0x0000000002724800
RSI=0x0000000020e8e370 points into unknown readable memory: f8 dd 82 26 00 00 00 00
RDI=0x0000000020e8e340 points into unknown readable memory: b0 6f ec 01 00 00 00 00
R8 =0x0000000020e8e370 points into unknown readable memory: f8 dd 82 26 00 00 00 00
R9 =0x0000000001fc0000 points into unknown readable memory: 00 01 02 03 04 05 06 00
R10=0x00000000126d0000 points into unknown readable memory: 07 00 00 00 00 00 00 00
R11=0x0000000020e8f5a0 points into unknown readable memory: 87 71 db 36 de a4 00 00
R12=0x0000000000000019 is an unknown value
R13=0x0000000000000001 is an unknown value
R14=0x0000000002724800 is a thread
R15=0x000000001f68f708 points into unknown readable memory: 20 e8 49 c7 fb 7f 00 00


Registers:
RAX=0x0000000001ec6fb0, RBX=0x0000000020e8e310, RCX=0x000000000000000e, RDX=0x00000000126daf90
RSP=0x0000000020e8e2b0, RBP=0x0000000001ec7020, RSI=0x0000000020e8e370, RDI=0x0000000020e8e340
R8 =0x0000000020e8e370, R9 =0x0000000001fc0000, R10=0x00000000126d0000, R11=0x0000000020e8f5a0
R12=0x0000000000000019, R13=0x0000000000000001, R14=0x0000000002724800, R15=0x000000001f68f708
RIP=0x00007ffbc6ea53d7, EFLAGS=0x0000000000010202

Top of Stack: (sp=0x0000000020e8e2b0)
0x0000000020e8e2b0:   0000000001ec6fb0 00007ffbc6ea355f
0x0000000020e8e2c0:   00000000126daf90 0000000000000000
0x0000000020e8e2d0:   000000001f68f708 0000000000000000
0x0000000020e8e2e0:   00007ffbc75e05e0 00007ffbc73045b8
0x0000000020e8e2f0:   00000000000000e5 0000000002724800
0x0000000020e8e300:   000000001f68f708 0000000000000000
0x0000000020e8e310:   000000002692f120 000000000ac00f90
0x0000000020e8e320:   000000000ac00e10 0000000000000000
0x0000000020e8e330:   000000002692f300 000000002692f120
0x0000000020e8e340:   0000000001ec6fb0 00000000126db1a4
0x0000000020e8e350:   00000000126daf90 0000000000000000
0x0000000020e8e360:   0000000000000000 0000000001ec6fb0
0x0000000020e8e370:   000000002682ddf8 000000002682ddfc
0x0000000020e8e380:   000000002682ddf0 000000002682ddf4
0x0000000020e8e390:   000000002682dde8 000000002682ddec
0x0000000020e8e3a0:   000000002682dde0 000000002682dde4 

Instructions: (pc=0x00007ffbc6ea53d7)
0x00007ffbc6ea52d7:   48 89 43 28 48 89 53 20 48 89 4b 08 e8 38 2b f1
0x00007ffbc6ea52e7:   ff 48 8b cb 48 89 43 10 e8 4c f6 ff ff 48 85 c0
0x00007ffbc6ea52f7:   74 17 48 89 43 08 b9 01 00 00 00 89 4b 18 48 8b
0x00007ffbc6ea5307:   c3 48 83 c4 20 5f 5e 5b c3 33 c9 48 8b c3 89 4b
0x00007ffbc6ea5317:   18 48 83 c4 20 5f 5e 5b c3 48 8b 05 a9 b5 77 00
0x00007ffbc6ea5327:   48 89 6c 24 40 4c 89 74 24 48 48 85 c0 74 7b 48
0x00007ffbc6ea5337:   8b 50 08 48 3b d1 77 72 48 63 40 14 48 03 c2 48
0x00007ffbc6ea5347:   3b c8 73 66 41 80 b8 20 12 00 00 00 48 8b 47 20
0x00007ffbc6ea5357:   4c 8b 70 f8 48 8d 68 10 74 0f 48 8b d0 48 8b ce
0x00007ffbc6ea5367:   e8 34 01 00 00 48 8b 47 20 48 8b 48 08 48 8b 00
0x00007ffbc6ea5377:   48 89 43 20 48 89 2b 4c 89 73 28 48 89 4b 08 e8
0x00007ffbc6ea5387:   95 2a f1 ff 48 8b cb 48 89 43 10 e8 a9 f5 ff ff
0x00007ffbc6ea5397:   48 85 c0 0f 84 a9 00 00 00 b9 01 00 00 00 48 89
0x00007ffbc6ea53a7:   43 08 89 4b 18 e9 c5 00 00 00 48 8b 57 10 48 85
0x00007ffbc6ea53b7:   d2 0f 84 a1 00 00 00 41 80 b8 20 12 00 00 00 48
0x00007ffbc6ea53c7:   63 4a 1c 48 8b 47 28 48 8d 2c c8 4c 89 7c 24 50
0x00007ffbc6ea53d7:   4c 8b 7d f8 74 2d 0f b6 42 58 41 88 80 10 12 00
0x00007ffbc6ea53e7:   00 48 8b 47 10 48 83 78 50 00 74 0b 48 8b d6 48
0x00007ffbc6ea53f7:   8b cf e8 a2 e5 33 00 48 8d 55 f0 48 8b ce e8 96
0x00007ffbc6ea5407:   00 00 00 48 8b 45 f0 49 8b cf 48 89 43 20 48 89
0x00007ffbc6ea5417:   2b 48 89 6b 28 4c 89 7b 08 e8 fb 29 f1 ff 48 8b
0x00007ffbc6ea5427:   cb 48 89 43 10 e8 0f f5 ff ff 4c 8b 7c 24 50 48
0x00007ffbc6ea5437:   85 c0 74 0e b9 01 00 00 00 48 89 43 08 89 4b 18
0x00007ffbc6ea5447:   eb 2d 48 8b 4b 10 48 8b 01 ff 50 20 33 c9 84 c0
0x00007ffbc6ea5457:   0f 95 c1 89 4b 18 eb 17 4c 8b 47 20 48 8b cb 4d
0x00007ffbc6ea5467:   8b 48 08 49 8d 50 10 4d 8b 00 e8 5a f4 ff ff 48
0x00007ffbc6ea5477:   8b 6c 24 40 48 8b c3 4c 8b 74 24 48 48 83 c4 20
0x00007ffbc6ea5487:   5f 5e 5b c3 cc cc cc cc cc 48 8b 41 20 48 89 50
0x00007ffbc6ea5497:   f8 c3 cc cc cc cc cc cc cc 48 8b 05 49 7d 5f 00
0x00007ffbc6ea54a7:   4c 8b d2 48 3b 05 0f 7d 5f 00 4c 8b c9 49 c7 c0
0x00007ffbc6ea54b7:   ff ff ff ff 75 05 49 8b c0 eb 04 03 c0 48 98 4c
0x00007ffbc6ea54c7:   89 14 c1 48 99 83 e2 3f 48 03 c2 48 8b c8 83 e0 


Stack slot to memory mapping:
stack at sp + 0 slots: 0x0000000001ec6fb0 is pointing into the stack for thread: 0x0000000002724800
stack at sp + 1 slots: 0x00007ffbc6ea355f jvm.dll
stack at sp + 2 slots: 0x00000000126daf90 is at entry_point+-432 in (nmethod*)0x00000000126daf90
stack at sp + 3 slots: 0x0 is NULL
stack at sp + 4 slots: 0x000000001f68f708 points into unknown readable memory: 20 e8 49 c7 fb 7f 00 00
stack at sp + 5 slots: 0x0 is NULL
stack at sp + 6 slots: 0x00007ffbc75e05e0 jvm.dll
stack at sp + 7 slots: 0x00007ffbc73045b8 jvm.dll


---------------  P R O C E S S  ---------------

Threads class SMR info:
_java_thread_list=0x0000000022c7fee0, length=25, elements={
0x0000000002724800, 0x000000001ebfd800, 0x000000001ebff800, 0x000000001ec12800,
0x000000001ec13800, 0x000000001ec18800, 0x000000001ec1f000, 0x000000001ec20000,
0x00000000200e6000, 0x00000000200ec800, 0x0000000020fdb800, 0x0000000020a7f000,
0x0000000020eaf800, 0x0000000021694800, 0x0000000022cd1800, 0x0000000021d57800,
0x0000000022ce2000, 0x0000000022ce3000, 0x0000000022ce4000, 0x0000000021ddc800,
0x0000000021ddd000, 0x0000000021de2000, 0x0000000021dde000, 0x0000000021dde800,
0x0000000021de3000
}

Java Threads: ( => current thread )
  0x0000000002724800 JavaThread "main" [_thread_in_native, id=4952, stack(0x0000000001dd0000,0x0000000001ed0000)]
  0x000000001ebfd800 JavaThread "Reference Handler" daemon [_thread_blocked, id=4984, stack(0x000000001f690000,0x000000001f790000)]
  0x000000001ebff800 JavaThread "Finalizer" daemon [_thread_blocked, id=3872, stack(0x000000001f790000,0x000000001f890000)]
  0x000000001ec12800 JavaThread "Signal Dispatcher" daemon [_thread_blocked, id=2016, stack(0x000000001f990000,0x000000001fa90000)]
  0x000000001ec13800 JavaThread "Attach Listener" daemon [_thread_blocked, id=1756, stack(0x000000001fa90000,0x000000001fb90000)]
  0x000000001ec18800 JavaThread "C2 CompilerThread0" daemon [_thread_blocked, id=1664, stack(0x000000001fb90000,0x000000001fc90000)]
  0x000000001ec1f000 JavaThread "C1 CompilerThread0" daemon [_thread_blocked, id=1760, stack(0x000000001fc90000,0x000000001fd90000)]
  0x000000001ec20000 JavaThread "Sweeper thread" daemon [_thread_blocked, id=2012, stack(0x000000001fd90000,0x000000001fe90000)]
  0x00000000200e6000 JavaThread "Service Thread" daemon [_thread_blocked, id=3672, stack(0x0000000020290000,0x0000000020390000)]
  0x00000000200ec800 JavaThread "Common-Cleaner" daemon [_thread_blocked, id=3664, stack(0x0000000020490000,0x0000000020590000)]
  0x0000000020fdb800 JavaThread "neo4j.Scheduler-1" daemon [_thread_blocked, id=3032, stack(0x0000000001590000,0x0000000001690000)]
  0x0000000020a7f000 JavaThread "Cleaner-0" daemon [_thread_blocked, id=3008, stack(0x0000000022260000,0x0000000022360000)]
  0x0000000020eaf800 JavaThread "FileSystemWatchService" daemon [_thread_in_native, id=3248, stack(0x0000000022940000,0x0000000022a40000)]
  0x0000000021694800 JavaThread "MuninnPageCache[1]-EvictionTask" daemon [_thread_blocked, id=3344, stack(0x0000000023a10000,0x0000000023b10000)]
  0x0000000022cd1800 JavaThread "neo4j.BoltWorker-1 [bolt]" [_thread_blocked, id=3000, stack(0x00000000259e0000,0x0000000025ae0000)]
  0x0000000021d57800 JavaThread "neo4j.BoltWorker-2 [bolt]" [_thread_blocked, id=1788, stack(0x0000000025f30000,0x0000000026030000)]
  0x0000000022ce2000 JavaThread "neo4j.BoltWorker-3 [bolt]" [_thread_blocked, id=2276, stack(0x0000000026130000,0x0000000026230000)]
  0x0000000022ce3000 JavaThread "neo4j.BoltWorker-4 [bolt]" [_thread_blocked, id=3336, stack(0x0000000026230000,0x0000000026330000)]
  0x0000000022ce4000 JavaThread "neo4j.BoltWorker-5 [bolt]" [_thread_blocked, id=3940, stack(0x0000000026330000,0x0000000026430000)]
  0x0000000021ddc800 JavaThread "neo4j.VmPauseMonitor-1" daemon [_thread_blocked, id=1868, stack(0x0000000026430000,0x0000000026530000)]
  0x0000000021ddd000 JavaThread "neo4j.FileWatcher-1" daemon [_thread_blocked, id=1948, stack(0x0000000026530000,0x0000000026630000)]
  0x0000000021de2000 JavaThread "neo4j.CypherWorker-1" daemon [_thread_blocked, id=1428, stack(0x0000000026630000,0x0000000026730000)]
  0x0000000021dde000 JavaThread "neo4j.CypherWorker-2" daemon [_thread_blocked, id=4564, stack(0x0000000026730000,0x0000000026830000)]
  0x0000000021dde800 JavaThread "neo4j.CypherWorker-3" daemon [_thread_blocked, id=2700, stack(0x0000000026830000,0x0000000026930000)]
  0x0000000021de3000 JavaThread "neo4j.CypherWorker-4" daemon [_thread_blocked, id=3280, stack(0x0000000026930000,0x0000000026a30000)]

Other Threads:
  0x000000001ebf8800 VMThread "VM Thread" [stack: 0x000000001f590000,0x000000001f690000] [id=1424]
  0x00000000200eb800 WatcherThread [stack: 0x0000000020390000,0x0000000020490000] [id=3600]
  0x0000000002753000 GCTaskThread "GC Thread#0" [stack: 0x000000001c140000,0x000000001c240000] [id=5000]
=>0x0000000020275000 GCTaskThread "GC Thread#1" [stack: 0x0000000020d90000,0x0000000020e90000] [id=3604]
  0x000000000275d000 ConcurrentGCThread "G1 Main Marker" [stack: 0x000000001c240000,0x000000001c340000] [id=5004]
  0x000000000275e800 ConcurrentGCThread "G1 Conc#0" [stack: 0x000000001c340000,0x000000001c440000] [id=5008]
  0x00000000027b6000 ConcurrentGCThread "G1 Refine#0" [stack: 0x000000001e890000,0x000000001e990000] [id=5060]
  0x00000000027b8800 ConcurrentGCThread "G1 Young RemSet Sampling" [stack: 0x000000001e990000,0x000000001ea90000] [id=5064]

Threads with active compile tasks:

VM state:at safepoint (normal execution)

VM Mutex/Monitor currently owned by a thread:  ([mutex/lock_event])
[0x000000000271e900] Threads_lock - owner thread: 0x000000001ebf8800

Heap address: 0x00000000c1a00000, size: 998 MB, Compressed Oops mode: 32-bit
Narrow klass base: 0x0000000800000000, Narrow klass shift: 3
Compressed class space size: 1073741824 Address: 0x0000000800b40000

Heap:
 garbage-first heap   total 65536K, used 38254K [0x00000000c1a00000, 0x0000000100000000)
  region size 1024K, 20 young (20480K), 4 survivors (4096K)
 Metaspace       used 33967K, capacity 35301K, committed 35584K, reserved 1079296K
  class space    used 4697K, capacity 5313K, committed 5376K, reserved 1048576K
Heap Regions: E=young(eden), S=young(survivor), O=old, HS=humongous(starts), HC=humongous(continues), CS=collection set, F=free, A=archive, TAMS=top-at-mark-start (previous, next)
|   0|0x00000000c1a00000, 0x00000000c1b00000, 0x00000000c1b00000|100%| O|  |TAMS 0x00000000c1b00000, 0x00000000c1a00000| Untracked 
|   1|0x00000000c1b00000, 0x00000000c1c00000, 0x00000000c1c00000|100%| O|  |TAMS 0x00000000c1c00000, 0x00000000c1b00000| Untracked 
|   2|0x00000000c1c00000, 0x00000000c1d00000, 0x00000000c1d00000|100%| O|  |TAMS 0x00000000c1d00000, 0x00000000c1c00000| Untracked 
|   3|0x00000000c1d00000, 0x00000000c1e00000, 0x00000000c1e00000|100%| O|  |TAMS 0x00000000c1e00000, 0x00000000c1d00000| Untracked 
|   4|0x00000000c1e00000, 0x00000000c1f00000, 0x00000000c1f00000|100%| O|  |TAMS 0x00000000c1f00000, 0x00000000c1e00000| Untracked 
|   5|0x00000000c1f00000, 0x00000000c2000000, 0x00000000c2000000|100%| O|  |TAMS 0x00000000c2000000, 0x00000000c1f00000| Untracked 
|   6|0x00000000c2000000, 0x00000000c2100000, 0x00000000c2100000|100%| O|  |TAMS 0x00000000c2100000, 0x00000000c2000000| Untracked 
|   7|0x00000000c2100000, 0x00000000c2200000, 0x00000000c2200000|100%| O|  |TAMS 0x00000000c2200000, 0x00000000c2100000| Untracked 
|   8|0x00000000c2200000, 0x00000000c2300000, 0x00000000c2300000|100%| O|  |TAMS 0x00000000c2300000, 0x00000000c2200000| Untracked 
|   9|0x00000000c2300000, 0x00000000c2400000, 0x00000000c2400000|100%| O|  |TAMS 0x00000000c2400000, 0x00000000c2300000| Untracked 
|  10|0x00000000c2400000, 0x00000000c2500000, 0x00000000c2500000|100%| O|  |TAMS 0x00000000c2500000, 0x00000000c2400000| Untracked 
|  11|0x00000000c2500000, 0x00000000c2600000, 0x00000000c2600000|100%| O|  |TAMS 0x00000000c2600000, 0x00000000c2500000| Untracked 
|  12|0x00000000c2600000, 0x00000000c2700000, 0x00000000c2700000|100%| O|  |TAMS 0x00000000c2700000, 0x00000000c2600000| Untracked 
|  13|0x00000000c2700000, 0x00000000c2800000, 0x00000000c2800000|100%| O|  |TAMS 0x00000000c2800000, 0x00000000c2700000| Untracked 
|  14|0x00000000c2800000, 0x00000000c2900000, 0x00000000c2900000|100%| O|  |TAMS 0x00000000c2900000, 0x00000000c2800000| Untracked 
|  15|0x00000000c2900000, 0x00000000c2a00000, 0x00000000c2a00000|100%| O|  |TAMS 0x00000000c2a00000, 0x00000000c2900000| Untracked 
|  16|0x00000000c2a00000, 0x00000000c2b00000, 0x00000000c2b00000|100%| O|  |TAMS 0x00000000c2b00000, 0x00000000c2a00000| Untracked 
|  17|0x00000000c2b00000, 0x00000000c2c00000, 0x00000000c2c00000|100%| O|  |TAMS 0x00000000c2bdec00, 0x00000000c2b00000| Untracked 
|  18|0x00000000c2c00000, 0x00000000c2d00000, 0x00000000c2d00000|100%| O|  |TAMS 0x00000000c2c00000, 0x00000000c2c00000| Untracked 
|  19|0x00000000c2d00000, 0x00000000c2e00000, 0x00000000c2e00000|100%| O|  |TAMS 0x00000000c2d00000, 0x00000000c2d00000| Untracked 
|  20|0x00000000c2e00000, 0x00000000c2e0ca00, 0x00000000c2f00000|  4%| O|  |TAMS 0x00000000c2e00000, 0x00000000c2e00000| Untracked 
|  21|0x00000000c2f00000, 0x00000000c2f00000, 0x00000000c3000000|  0%| F|  |TAMS 0x00000000c2f00000, 0x00000000c2f00000| Untracked 
|  22|0x00000000c3000000, 0x00000000c3000000, 0x00000000c3100000|  0%| F|  |TAMS 0x00000000c3000000, 0x00000000c3000000| Untracked 
|  23|0x00000000c3100000, 0x00000000c3100000, 0x00000000c3200000|  0%| F|  |TAMS 0x00000000c3100000, 0x00000000c3100000| Untracked 
|  24|0x00000000c3200000, 0x00000000c3200000, 0x00000000c3300000|  0%| F|  |TAMS 0x00000000c3200000, 0x00000000c3200000| Untracked 
|  25|0x00000000c3300000, 0x00000000c3300000, 0x00000000c3400000|  0%| F|  |TAMS 0x00000000c3300000, 0x00000000c3300000| Untracked 
|  26|0x00000000c3400000, 0x00000000c3400000, 0x00000000c3500000|  0%| F|  |TAMS 0x00000000c3400000, 0x00000000c3400000| Untracked 
|  27|0x00000000c3500000, 0x00000000c3500000, 0x00000000c3600000|  0%| F|  |TAMS 0x00000000c3500000, 0x00000000c3500000| Untracked 
|  28|0x00000000c3600000, 0x00000000c3600000, 0x00000000c3700000|  0%| F|  |TAMS 0x00000000c3600000, 0x00000000c3600000| Untracked 
|  29|0x00000000c3700000, 0x00000000c3700000, 0x00000000c3800000|  0%| F|  |TAMS 0x00000000c3700000, 0x00000000c3700000| Untracked 
|  30|0x00000000c3800000, 0x00000000c3800000, 0x00000000c3900000|  0%| F|  |TAMS 0x00000000c3800000, 0x00000000c3800000| Untracked 
|  31|0x00000000c3900000, 0x00000000c3900000, 0x00000000c3a00000|  0%| F|  |TAMS 0x00000000c3900000, 0x00000000c3900000| Untracked 
|  32|0x00000000c3a00000, 0x00000000c3a4efe8, 0x00000000c3b00000| 30%| S|CS|TAMS 0x00000000c3a00000, 0x00000000c3a00000| Complete 
|  33|0x00000000c3b00000, 0x00000000c3b00000, 0x00000000c3c00000|  0%| F|  |TAMS 0x00000000c3b00000, 0x00000000c3b00000| Untracked 
|  34|0x00000000c3c00000, 0x00000000c3c00000, 0x00000000c3d00000|  0%| F|  |TAMS 0x00000000c3c00000, 0x00000000c3c00000| Untracked 
|  35|0x00000000c3d00000, 0x00000000c3e00000, 0x00000000c3e00000|100%| S|CS|TAMS 0x00000000c3d00000, 0x00000000c3d00000| Complete 
|  36|0x00000000c3e00000, 0x00000000c3e00000, 0x00000000c3f00000|  0%| F|  |TAMS 0x00000000c3e00000, 0x00000000c3e00000| Untracked 
|  37|0x00000000c3f00000, 0x00000000c3f00000, 0x00000000c4000000|  0%| F|  |TAMS 0x00000000c3f00000, 0x00000000c3f00000| Untracked 
|  38|0x00000000c4000000, 0x00000000c4100000, 0x00000000c4100000|100%| S|CS|TAMS 0x00000000c4000000, 0x00000000c4000000| Complete 
|  39|0x00000000c4100000, 0x00000000c4200000, 0x00000000c4200000|100%| S|CS|TAMS 0x00000000c4100000, 0x00000000c4100000| Complete 
|  40|0x00000000c4200000, 0x00000000c4200000, 0x00000000c4300000|  0%| F|  |TAMS 0x00000000c4200000, 0x00000000c4200000| Untracked 
|  41|0x00000000c4300000, 0x00000000c4300000, 0x00000000c4400000|  0%| F|  |TAMS 0x00000000c4300000, 0x00000000c4300000| Untracked 
|  42|0x00000000c4400000, 0x00000000c4400000, 0x00000000c4500000|  0%| F|  |TAMS 0x00000000c4400000, 0x00000000c4400000| Untracked 
|  43|0x00000000c4500000, 0x00000000c4500000, 0x00000000c4600000|  0%| F|  |TAMS 0x00000000c4500000, 0x00000000c4500000| Untracked 
|  44|0x00000000c4600000, 0x00000000c4600000, 0x00000000c4700000|  0%| F|  |TAMS 0x00000000c4600000, 0x00000000c4600000| Untracked 
|  45|0x00000000c4700000, 0x00000000c4700000, 0x00000000c4800000|  0%| F|  |TAMS 0x00000000c4700000, 0x00000000c4700000| Untracked 
|  46|0x00000000c4800000, 0x00000000c4800000, 0x00000000c4900000|  0%| F|  |TAMS 0x00000000c4800000, 0x00000000c4800000| Untracked 
|  47|0x00000000c4900000, 0x00000000c4900000, 0x00000000c4a00000|  0%| F|  |TAMS 0x00000000c4900000, 0x00000000c4900000| Untracked 
|  48|0x00000000c4a00000, 0x00000000c4b00000, 0x00000000c4b00000|100%| E|  |TAMS 0x00000000c4a00000, 0x00000000c4a00000| Complete 
|  49|0x00000000c4b00000, 0x00000000c4c00000, 0x00000000c4c00000|100%| E|  |TAMS 0x00000000c4b00000, 0x00000000c4b00000| Complete 
|  50|0x00000000c4c00000, 0x00000000c4d00000, 0x00000000c4d00000|100%| E|CS|TAMS 0x00000000c4c00000, 0x00000000c4c00000| Complete 
|  51|0x00000000c4d00000, 0x00000000c4e00000, 0x00000000c4e00000|100%| E|CS|TAMS 0x00000000c4d00000, 0x00000000c4d00000| Complete 
|  52|0x00000000c4e00000, 0x00000000c4f00000, 0x00000000c4f00000|100%| E|CS|TAMS 0x00000000c4e00000, 0x00000000c4e00000| Complete 
|  53|0x00000000c4f00000, 0x00000000c5000000, 0x00000000c5000000|100%| E|CS|TAMS 0x00000000c4f00000, 0x00000000c4f00000| Complete 
|  54|0x00000000c5000000, 0x00000000c5100000, 0x00000000c5100000|100%| E|CS|TAMS 0x00000000c5000000, 0x00000000c5000000| Complete 
|  55|0x00000000c5100000, 0x00000000c5200000, 0x00000000c5200000|100%| E|CS|TAMS 0x00000000c5100000, 0x00000000c5100000| Complete 
|  56|0x00000000c5200000, 0x00000000c5300000, 0x00000000c5300000|100%| E|CS|TAMS 0x00000000c5200000, 0x00000000c5200000| Complete 
|  57|0x00000000c5300000, 0x00000000c5400000, 0x00000000c5400000|100%| E|CS|TAMS 0x00000000c5300000, 0x00000000c5300000| Complete 
|  58|0x00000000c5400000, 0x00000000c5500000, 0x00000000c5500000|100%| E|CS|TAMS 0x00000000c5400000, 0x00000000c5400000| Complete 
|  59|0x00000000c5500000, 0x00000000c5600000, 0x00000000c5600000|100%| E|CS|TAMS 0x00000000c5500000, 0x00000000c5500000| Complete 
|  60|0x00000000c5600000, 0x00000000c5700000, 0x00000000c5700000|100%| E|CS|TAMS 0x00000000c5600000, 0x00000000c5600000| Complete 
|  61|0x00000000c5700000, 0x00000000c5800000, 0x00000000c5800000|100%| E|CS|TAMS 0x00000000c5700000, 0x00000000c5700000| Complete 
|  62|0x00000000c5800000, 0x00000000c5900000, 0x00000000c5900000|100%| E|CS|TAMS 0x00000000c5800000, 0x00000000c5800000| Complete 
|  63|0x00000000c5900000, 0x00000000c5a00000, 0x00000000c5a00000|100%| E|CS|TAMS 0x00000000c5900000, 0x00000000c5900000| Complete 

Card table byte_map: [0x0000000019e00000,0x000000001a000000] _byte_map_base: 0x00000000197f3000

Marking Bits (Prev, Next): (CMBitMap*) 0x0000000002753ec8, (CMBitMap*) 0x0000000002753e88
 Prev Bits: [0x000000001b1a0000, 0x000000001c138000)
 Next Bits: [0x000000001a200000, 0x000000001b198000)

Polling page: 0x0000000000dd0000

Metaspace:

Usage:
  Non-class:     29.29 MB capacity,    28.58 MB ( 98%) used,   572.91 KB (  2%) free+waste,   144.75 KB ( <1%) overhead. 
      Class:      5.19 MB capacity,     4.59 MB ( 88%) used,   535.83 KB ( 10%) free+waste,    80.00 KB (  2%) overhead. 
       Both:     34.47 MB capacity,    33.17 MB ( 96%) used,     1.08 MB (  3%) free+waste,   224.75 KB ( <1%) overhead. 

Virtual space:
  Non-class space:       30.00 MB reserved,      29.50 MB ( 98%) committed 
      Class space:        1.00 GB reserved,       5.25 MB ( <1%) committed 
             Both:        1.03 GB reserved,      34.75 MB (  3%) committed 

Chunk freelists:
   Non-Class:  28.00 KB
       Class:  31.00 KB
        Both:  59.00 KB

MaxMetaspaceSize: 17179869184.00 GB
CompressedClassSpaceSize: 1.00 GB

CodeHeap 'non-profiled nmethods': size=120000Kb used=1445Kb max_used=1468Kb free=118554Kb
 bounds [0x00000000126d0000, 0x0000000012940000, 0x0000000019c00000]
CodeHeap 'profiled nmethods': size=120000Kb used=6837Kb max_used=7206Kb free=113162Kb
 bounds [0x000000000b1a0000, 0x000000000b8b0000, 0x00000000126d0000]
CodeHeap 'non-nmethods': size=5760Kb used=1286Kb max_used=1306Kb free=4473Kb
 bounds [0x000000000ac00000, 0x000000000ae70000, 0x000000000b1a0000]
 total_blobs=4797 nmethods=3060 adapters=471
 compilation: enabled
              stopped_count=0, restarted_count=0
 full_count=0

Compilation events (20 events):
Event: 82.975 Thread 0x000000001ec1f000 3195       3       java.util.stream.ReduceOps::makeRef (42 bytes)
Event: 82.977 Thread 0x000000001ec1f000 nmethod 3195 0x000000000b323290 code [0x000000000b3234a0, 0x000000000b323d30]
Event: 82.977 Thread 0x000000001ec1f000 3196       3       java.util.stream.ReduceOps$3::<init> (28 bytes)
Event: 82.978 Thread 0x000000001ec1f000 nmethod 3196 0x000000000b1f1e10 code [0x000000000b1f1fe0, 0x000000000b1f23f8]
Event: 83.196 Thread 0x000000001ec1f000 3197       1       javax.management.ObjectName::getCanonicalName (5 bytes)
Event: 83.197 Thread 0x000000001ec1f000 nmethod 3197 0x000000001272e710 code [0x000000001272e8a0, 0x000000001272e9d8]
Event: 83.303 Thread 0x000000001ec1f000 3198       1       java.lang.management.DefaultPlatformMBeanProvider$7::mbeanInterfaceNames (5 bytes)
Event: 83.303 Thread 0x000000001ec1f000 nmethod 3198 0x0000000012712e90 code [0x0000000012713020, 0x0000000012713158]
Event: 83.522 Thread 0x000000001ec1f000 3199       1       com.sun.management.internal.PlatformMBeanProviderImpl$3::mbeanInterfaceNames (5 bytes)
Event: 83.522 Thread 0x000000001ec1f000 nmethod 3199 0x000000001272c590 code [0x000000001272c720, 0x000000001272c858]
Event: 83.630 Thread 0x000000001ec1f000 3200       1       com.sun.management.internal.PlatformMBeanProviderImpl$2::mbeanInterfaceNames (5 bytes)
Event: 83.631 Thread 0x000000001ec1f000 nmethod 3200 0x00000000126dd890 code [0x00000000126dda20, 0x00000000126ddb58]
Event: 83.631 Thread 0x000000001ec1f000 3201       1       java.lang.management.DefaultPlatformMBeanProvider$5::mbeanInterfaceNames (5 bytes)
Event: 83.631 Thread 0x000000001ec1f000 nmethod 3201 0x00000000126dd490 code [0x00000000126dd620, 0x00000000126dd758]
Event: 83.631 Thread 0x000000001ec1f000 3202       1       java.lang.management.DefaultPlatformMBeanProvider$6::mbeanInterfaceNames (5 bytes)
Event: 83.631 Thread 0x000000001ec1f000 nmethod 3202 0x00000000126fc590 code [0x00000000126fc720, 0x00000000126fc858]
Event: 83.631 Thread 0x000000001ec1f000 3203       1       java.lang.management.DefaultPlatformMBeanProvider$2::mbeanInterfaceNames (5 bytes)
Event: 83.631 Thread 0x000000001ec1f000 nmethod 3203 0x00000000126fc210 code [0x00000000126fc3a0, 0x00000000126fc4d8]
Event: 83.631 Thread 0x000000001ec1f000 3204       1       java.lang.management.DefaultPlatformMBeanProvider$3::mbeanInterfaceNames (5 bytes)
Event: 83.631 Thread 0x000000001ec1f000 nmethod 3204 0x00000000126fbc90 code [0x00000000126fbe20, 0x00000000126fbf58]

GC Heap History (20 events):
Event: 47.298 GC heap before
{Heap before GC invocations=2 (full 0):
 garbage-first heap   total 65536K, used 28396K [0x00000000c1a00000, 0x0000000100000000)
  region size 1024K, 22 young (22528K), 2 survivors (2048K)
 Metaspace       used 5701K, capacity 6618K, committed 6784K, reserved 1056768K
  class space    used 646K, capacity 790K, committed 896K, reserved 1048576K
}
Event: 47.313 GC heap after
{Heap after GC invocations=3 (full 0):
 garbage-first heap   total 65536K, used 11968K [0x00000000c1a00000, 0x0000000100000000)
  region size 1024K, 3 young (3072K), 3 survivors (3072K)
 Metaspace       used 5701K, capacity 6618K, committed 6784K, reserved 1056768K
  class space    used 646K, capacity 790K, committed 896K, reserved 1048576K
}
Event: 50.757 GC heap before
{Heap before GC invocations=3 (full 0):
 garbage-first heap   total 65536K, used 37568K [0x00000000c1a00000, 0x0000000100000000)
  region size 1024K, 24 young (24576K), 3 survivors (3072K)
 Metaspace       used 10237K, capacity 11078K, committed 11136K, reserved 1058816K
  class space    used 1008K, capacity 1145K, committed 1152K, reserved 1048576K
}
Event: 50.766 GC heap after
{Heap after GC invocations=4 (full 0):
 garbage-first heap   total 65536K, used 14243K [0x00000000c1a00000, 0x0000000100000000)
  region size 1024K, 3 young (3072K), 3 survivors (3072K)
 Metaspace       used 10237K, capacity 11078K, committed 11136K, reserved 1058816K
  class space    used 1008K, capacity 1145K, committed 1152K, reserved 1048576K
}
Event: 55.609 GC heap before
{Heap before GC invocations=4 (full 0):
 garbage-first heap   total 65536K, used 36771K [0x00000000c1a00000, 0x0000000100000000)
  region size 1024K, 25 young (25600K), 3 survivors (3072K)
 Metaspace       used 13236K, capacity 13597K, committed 13824K, reserved 1060864K
  class space    used 1386K, capacity 1528K, committed 1536K, reserved 1048576K
}
Event: 55.637 GC heap after
{Heap after GC invocations=5 (full 0):
 garbage-first heap   total 65536K, used 18281K [0x00000000c1a00000, 0x0000000100000000)
  region size 1024K, 4 young (4096K), 4 survivors (4096K)
 Metaspace       used 13236K, capacity 13597K, committed 13824K, reserved 1060864K
  class space    used 1386K, capacity 1528K, committed 1536K, reserved 1048576K
}
Event: 59.745 GC heap before
{Heap before GC invocations=5 (full 0):
 garbage-first heap   total 65536K, used 39785K [0x00000000c1a00000, 0x0000000100000000)
  region size 1024K, 25 young (25600K), 4 survivors (4096K)
 Metaspace       used 17033K, capacity 17483K, committed 17664K, reserved 1064960K
  class space    used 2127K, capacity 2299K, committed 2304K, reserved 1048576K
}
Event: 59.778 GC heap after
{Heap after GC invocations=6 (full 0):
 garbage-first heap   total 65536K, used 19323K [0x00000000c1a00000, 0x0000000100000000)
  region size 1024K, 1 young (1024K), 1 survivors (1024K)
 Metaspace       used 17033K, capacity 17483K, committed 17664K, reserved 1064960K
  class space    used 2127K, capacity 2299K, committed 2304K, reserved 1048576K
}
Event: 62.707 GC heap before
{Heap before GC invocations=6 (full 0):
 garbage-first heap   total 65536K, used 41851K [0x00000000c1a00000, 0x0000000100000000)
  region size 1024K, 23 young (23552K), 1 survivors (1024K)
 Metaspace       used 19911K, capacity 20407K, committed 20608K, reserved 1067008K
  class space    used 2485K, capacity 2686K, committed 2688K, reserved 1048576K
}
Event: 62.714 GC heap after
{Heap after GC invocations=7 (full 0):
 garbage-first heap   total 65536K, used 19612K [0x00000000c1a00000, 0x0000000100000000)
  region size 1024K, 2 young (2048K), 2 survivors (2048K)
 Metaspace       used 19911K, capacity 20407K, committed 20608K, reserved 1067008K
  class space    used 2485K, capacity 2686K, committed 2688K, reserved 1048576K
}
Event: 62.996 GC heap before
{Heap before GC invocations=7 (full 0):
 garbage-first heap   total 65536K, used 23708K [0x00000000c1a00000, 0x0000000100000000)
  region size 1024K, 8 young (8192K), 2 survivors (2048K)
 Metaspace       used 20715K, capacity 21209K, committed 21248K, reserved 1067008K
  class space    used 2578K, capacity 2803K, committed 2816K, reserved 1048576K
}
Event: 63.000 GC heap after
{Heap after GC invocations=8 (full 0):
 garbage-first heap   total 65536K, used 19951K [0x00000000c1a00000, 0x0000000100000000)
  region size 1024K, 2 young (2048K), 2 survivors (2048K)
 Metaspace       used 20715K, capacity 21209K, committed 21248K, reserved 1067008K
  class space    used 2578K, capacity 2803K, committed 2816K, reserved 1048576K
}
Event: 64.793 GC heap before
{Heap before GC invocations=9 (full 0):
 garbage-first heap   total 65536K, used 44527K [0x00000000c1a00000, 0x0000000100000000)
  region size 1024K, 26 young (26624K), 2 survivors (2048K)
 Metaspace       used 23361K, capacity 24339K, committed 24576K, reserved 1071104K
  class space    used 3266K, capacity 3723K, committed 3840K, reserved 1048576K
}
Event: 64.800 GC heap after
{Heap after GC invocations=10 (full 0):
 garbage-first heap   total 65536K, used 20298K [0x00000000c1a00000, 0x0000000100000000)
  region size 1024K, 2 young (2048K), 2 survivors (2048K)
 Metaspace       used 23361K, capacity 24339K, committed 24576K, reserved 1071104K
  class space    used 3266K, capacity 3723K, committed 3840K, reserved 1048576K
}
Event: 69.324 GC heap before
{Heap before GC invocations=10 (full 0):
 garbage-first heap   total 65536K, used 43850K [0x00000000c1a00000, 0x0000000100000000)
  region size 1024K, 26 young (26624K), 2 survivors (2048K)
 Metaspace       used 26265K, capacity 27319K, committed 27520K, reserved 1073152K
  class space    used 3693K, capacity 4184K, committed 4224K, reserved 1048576K
}
Event: 69.330 GC heap after
{Heap after GC invocations=11 (full 0):
 garbage-first heap   total 65536K, used 20702K [0x00000000c1a00000, 0x0000000100000000)
  region size 1024K, 3 young (3072K), 3 survivors (3072K)
 Metaspace       used 26265K, capacity 27319K, committed 27520K, reserved 1073152K
  class space    used 3693K, capacity 4184K, committed 4224K, reserved 1048576K
}
Event: 70.105 GC heap before
{Heap before GC invocations=11 (full 0):
 garbage-first heap   total 65536K, used 45278K [0x00000000c1a00000, 0x0000000100000000)
  region size 1024K, 27 young (27648K), 3 survivors (3072K)
 Metaspace       used 28328K, capacity 29457K, committed 29568K, reserved 1075200K
  class space    used 3946K, capacity 4471K, committed 4480K, reserved 1048576K
}
Event: 70.115 GC heap after
{Heap after GC invocations=12 (full 0):
 garbage-first heap   total 65536K, used 22717K [0x00000000c1a00000, 0x0000000100000000)
  region size 1024K, 4 young (4096K), 4 survivors (4096K)
 Metaspace       used 28328K, capacity 29457K, committed 29568K, reserved 1075200K
  class space    used 3946K, capacity 4471K, committed 4480K, reserved 1048576K
}
Event: 73.409 GC heap before
{Heap before GC invocations=12 (full 0):
 garbage-first heap   total 65536K, used 46269K [0x00000000c1a00000, 0x0000000100000000)
  region size 1024K, 28 young (28672K), 4 survivors (4096K)
 Metaspace       used 31786K, capacity 33084K, committed 33280K, reserved 1077248K
  class space    used 4414K, capacity 4999K, committed 5120K, reserved 1048576K
}
Event: 73.429 GC heap after
{Heap after GC invocations=13 (full 0):
 garbage-first heap   total 65536K, used 23918K [0x00000000c1a00000, 0x0000000100000000)
  region size 1024K, 4 young (4096K), 4 survivors (4096K)
 Metaspace       used 31786K, capacity 33084K, committed 33280K, reserved 1077248K
  class space    used 4414K, capacity 4999K, committed 5120K, reserved 1048576K
}

Deoptimization events (20 events):
Event: 69.593 Thread 0x0000000002724800 Uncommon trap: trap_request=0xffffffde fr.pc=0x00000000127e13c0 relative=0x00000000000000a0
Event: 69.593 Thread 0x0000000002724800 Uncommon trap: reason=class_check action=maybe_recompile pc=0x00000000127e13c0 method=java.util.regex.Pattern$Node.study(Ljava/util/regex/Pattern$TreeInfo;)Z @ 12 c2
Event: 69.593 Thread 0x0000000002724800 DEOPT PACKING pc=0x00000000127e13c0 sp=0x0000000001ecc3e0
Event: 69.593 Thread 0x0000000002724800 DEOPT UNPACKING pc=0x000000000ac4912f sp=0x0000000001ecc378 mode 2
Event: 70.138 Thread 0x0000000002724800 Uncommon trap: trap_request=0xffffff45 fr.pc=0x00000000127e452c relative=0x0000000000000a2c
Event: 70.138 Thread 0x0000000002724800 Uncommon trap: reason=unstable_if action=reinterpret pc=0x00000000127e452c method=java.util.regex.Matcher.appendExpandedReplacement(Ljava/lang/String;Ljava/lang/StringBuilder;)Ljava/lang/StringBuilder; @ 69 c2
Event: 70.138 Thread 0x0000000002724800 DEOPT PACKING pc=0x00000000127e452c sp=0x0000000001ece490
Event: 70.138 Thread 0x0000000002724800 DEOPT UNPACKING pc=0x000000000ac4912f sp=0x0000000001ece450 mode 2
Event: 70.366 Thread 0x0000000002724800 Uncommon trap: trap_request=0xffffff45 fr.pc=0x0000000012803154 relative=0x00000000000005f4
Event: 70.366 Thread 0x0000000002724800 Uncommon trap: reason=unstable_if action=reinterpret pc=0x0000000012803154 method=java.util.regex.Pattern.escape(ZZZ)I @ 8 c2
Event: 70.366 Thread 0x0000000002724800 DEOPT PACKING pc=0x0000000012803154 sp=0x0000000001ece780
Event: 70.366 Thread 0x0000000002724800 DEOPT UNPACKING pc=0x000000000ac4912f sp=0x0000000001ece740 mode 2
Event: 70.366 Thread 0x0000000002724800 Uncommon trap: trap_request=0xffffff45 fr.pc=0x00000000127fe59c relative=0x000000000000175c
Event: 70.366 Thread 0x0000000002724800 Uncommon trap: reason=unstable_if action=reinterpret pc=0x00000000127fe59c method=java.util.regex.Pattern.compile()V @ 342 c2
Event: 70.366 Thread 0x0000000002724800 DEOPT PACKING pc=0x00000000127fe59c sp=0x0000000001ecea70
Event: 70.366 Thread 0x0000000002724800 DEOPT UNPACKING pc=0x000000000ac4912f sp=0x0000000001ecea58 mode 2
Event: 72.356 Thread 0x0000000002724800 Uncommon trap: trap_request=0xffffffde fr.pc=0x00000000127b85bc relative=0x000000000000009c
Event: 72.356 Thread 0x0000000002724800 Uncommon trap: reason=class_check action=maybe_recompile pc=0x00000000127b85bc method=java.lang.invoke.MemberName.getMethodType()Ljava/lang/invoke/MethodType; @ 39 c2
Event: 72.356 Thread 0x0000000002724800 DEOPT PACKING pc=0x00000000127b85bc sp=0x0000000001ecd1d0
Event: 72.356 Thread 0x0000000002724800 DEOPT UNPACKING pc=0x000000000ac4912f sp=0x0000000001ecd138 mode 2

Classes unloaded (0 events):
No events

Classes redefined (0 events):
No events

Internal exceptions (20 events):
Event: 60.638 Thread 0x0000000002724800 Exception <a 'java/lang/NullPointerException'{0x00000000c55b9c58}> (0x00000000c55b9c58) 
thrown [t:/workspace/open/src/hotspot/share/interpreter/linkResolver.cpp, line 1349]
Event: 60.638 Thread 0x0000000002724800 Exception <a 'java/lang/reflect/InvocationTargetException'{0x00000000c55ba1d0}> (0x00000000c55ba1d0) 
thrown [t:/workspace/open/src/hotspot/share/runtime/reflection.cpp, line 1188]
Event: 60.900 Thread 0x0000000002724800 Exception <a 'java/lang/NoClassDefFoundError'{0x00000000c54defd0}: org/apache/logging/log4j/spi/ExtendedLoggerWrapper> (0x00000000c54defd0) 
thrown [t:/workspace/open/src/hotspot/share/classfile/systemDictionary.cpp, line 221]
Event: 60.905 Thread 0x0000000002724800 Exception <a 'java/lang/NoClassDefFoundError'{0x00000000c5300ee0}: org/apache/log4j/Priority> (0x00000000c5300ee0) 
thrown [t:/workspace/open/src/hotspot/share/classfile/systemDictionary.cpp, line 221]
Event: 61.007 Thread 0x0000000002724800 Exception <a 'java/lang/UnsatisfiedLinkError'{0x00000000c5342380}: 'int io.netty.channel.epoll.Native.offsetofEpollData()'> (0x00000000c5342380) 
thrown [t:/workspace/open/src/hotspot/share/prims/nativeLookup.cpp, line 387]
Event: 61.028 Thread 0x0000000002724800 Exception <a 'java/lang/ExceptionInInitializerError'{0x00000000c5342ae8}> (0x00000000c5342ae8) 
thrown [t:/workspace/open/src/hotspot/share/oops/instanceKlass.cpp, line 1065]
Event: 61.817 Thread 0x0000000002724800 Exception <a 'java/lang/NoSuchMethodError'{0x00000000c5006190}: 'void java.lang.invoke.DirectMethodHandle$Holder.invokeSpecial(java.lang.Object, java.lang.Object, java.lang.Object, java.lang.Object, java.lang.Object)'> (0x00000000c5006190) 
thrown [t:/workspace/open/src/hotspot/share/interpreter/linkResolver.cpp, line 767]
Event: 62.338 Thread 0x0000000002724800 Exception <a 'java/lang/NoSuchMethodError'{0x00000000c4741c08}: 'int java.lang.invoke.DirectMethodHandle$Holder.invokeSpecialIFC(java.lang.Object, java.lang.Object, java.lang.Object)'> (0x00000000c4741c08) 
thrown [t:/workspace/open/src/hotspot/share/interpreter/linkResolver.cpp, line 767]
Event: 62.676 Thread 0x0000000002724800 Exception <a 'java/lang/NoSuchMethodError'{0x00000000c4320aa8}: 'void java.lang.invoke.DirectMethodHandle$Holder.invokeStaticInit(java.lang.Object, java.lang.Object, java.lang.Object)'> (0x00000000c4320aa8) 
thrown [t:/workspace/open/src/hotspot/share/interpreter/linkResolver.cpp, line 767]
Event: 62.939 Thread 0x0000000002724800 Exception <a 'java/lang/NoSuchMethodError'{0x00000000c567a0a0}: 'int java.lang.invoke.DirectMethodHandle$Holder.invokeVirtual(java.lang.Object, java.lang.Object)'> (0x00000000c567a0a0) 
thrown [t:/workspace/open/src/hotspot/share/interpreter/linkResolver.cpp, line 767]
Event: 62.940 Thread 0x0000000002724800 Exception <a 'java/lang/NoSuchMethodError'{0x00000000c5685eb8}: 'void java.lang.invoke.DirectMethodHandle$Holder.invokeStatic(java.lang.Object, java.lang.Object, java.lang.Object, java.lang.Object, java.lang.Object, java.lang.Object, java.lang.Object, java.lang.Object)'> (0x00000000c5685eb8) 
thrown [t:/workspace/open/src/hotspot/share/interpreter/linkResolver.cpp, line 767]
Event: 62.941 Thread 0x0000000002724800 Exception <a 'java/lang/NoSuchMethodError'{0x00000000c568e560}: 'java.lang.Object java.lang.invoke.Invokers$Holder.linkToTargetMethod(java.lang.Object, java.lang.Object, java.lang.Object, java.lang.Object, java.lang.Object, java.lang.Object, java.lang.Object)'> (0x00000000c568e560) 
thrown [t:/workspace/open/src/hotspot/share/interpreter/linkResolver.cpp, line 767]
Event: 69.246 Thread 0x0000000002724800 Exception <a 'java/lang/NoSuchMethodError'{0x00000000c44c40c8}: 'java.lang.Object java.lang.invoke.DirectMethodHandle$Holder.invokeStatic(java.lang.Object, int, java.lang.Object, java.lang.Object)'> (0x00000000c44c40c8) 
thrown [t:/workspace/open/src/hotspot/share/interpreter/linkResolver.cpp, line 767]
Event: 69.247 Thread 0x0000000002724800 Exception <a 'java/lang/NoSuchMethodError'{0x00000000c44cc500}: 'java.lang.Object java.lang.invoke.DirectMethodHandle$Holder.invokeStatic(java.lang.Object, int, java.lang.Object)'> (0x00000000c44cc500) 
thrown [t:/workspace/open/src/hotspot/share/interpreter/linkResolver.cpp, line 767]
Event: 70.060 Thread 0x0000000002724800 Exception <a 'java/lang/NoSuchMethodError'{0x00000000c423c688}: 'int java.lang.invoke.DirectMethodHandle$Holder.invokeStaticInit(java.lang.Object, int, java.lang.Object)'> (0x00000000c423c688) 
thrown [t:/workspace/open/src/hotspot/share/interpreter/linkResolver.cpp, line 767]
Event: 70.444 Thread 0x0000000002724800 Exception <a 'java/lang/NoSuchMethodError'{0x00000000c58ccf50}: 'java.lang.Object java.lang.invoke.DirectMethodHandle$Holder.invokeStaticInit(java.lang.Object, int, int, int, int)'> (0x00000000c58ccf50) 
thrown [t:/workspace/open/src/hotspot/share/interpreter/linkResolver.cpp, line 767]
Event: 70.893 Thread 0x0000000002724800 Exception <a 'java/lang/NoSuchMethodError'{0x00000000c4b6eb10}: 'void java.lang.invoke.DirectMethodHandle$Holder.invokeVirtual(java.lang.Object, java.lang.Object)'> (0x00000000c4b6eb10) 
thrown [t:/workspace/open/src/hotspot/share/interpreter/linkResolver.cpp, line 767]
Event: 71.323 Thread 0x0000000002724800 Exception <a 'java/lang/IncompatibleClassChangeError'{0x00000000c4a70260}: Found class java.lang.Object, but interface was expected> (0x00000000c4a70260) 
thrown [t:/workspace/open/src/hotspot/share/interpreter/linkResolver.cpp, line 833]
Event: 72.403 Thread 0x0000000002724800 Exception <a 'java/lang/NoSuchMethodError'{0x00000000c473d620}: 'void java.lang.invoke.DelegatingMethodHandle$Holder.delegate(java.lang.Object, java.lang.Object, int, java.lang.Object)'> (0x00000000c473d620) 
thrown [t:/workspace/open/src/hotspot/share/interpreter/linkResolver.cpp, line 767]
Event: 77.388 Thread 0x0000000002724800 Exception <a 'java/lang/NoSuchMethodError'{0x00000000c54adde8}: 'java.lang.Object java.lang.invoke.DirectMethodHandle$Holder.invokeStaticInit(java.lang.Object, java.lang.Object, int, int, int, int)'> (0x00000000c54adde8) 
thrown [t:/workspace/open/src/hotspot/share/interpreter/linkResolver.cpp, line 767]

Events (20 events):
Event: 81.698 loading class io/netty/buffer/AbstractByteBuf
Event: 81.698 loading class io/netty/buffer/AbstractByteBuf done
Event: 81.726 loading class io/netty/buffer/ByteBufUtil$ThreadLocalDirectByteBuf
Event: 81.726 loading class io/netty/buffer/ByteBufUtil$ThreadLocalDirectByteBuf done
Event: 81.728 loading class io/netty/buffer/ByteBufUtil$1
Event: 81.728 loading class io/netty/buffer/ByteBufUtil$1 done
Event: 81.729 loading class io/netty/util/CharsetUtil
Event: 81.729 loading class io/netty/util/CharsetUtil done
Event: 81.756 loading class io/netty/buffer/PooledByteBufAllocator
Event: 81.756 loading class io/netty/buffer/PooledByteBufAllocator done
Event: 81.770 loading class io/netty/buffer/ByteBufAllocatorMetricProvider
Event: 81.770 loading class io/netty/buffer/ByteBufAllocatorMetricProvider done
Event: 81.829 loading class io/netty/buffer/AbstractByteBufAllocator
Event: 81.829 loading class io/netty/buffer/AbstractByteBufAllocator done
Event: 82.326 loading class io/netty/buffer/CompositeByteBuf
Event: 82.326 loading class io/netty/buffer/CompositeByteBuf done
Event: 82.681 loading class io/netty/buffer/SimpleLeakAwareCompositeByteBuf
Event: 82.681 loading class io/netty/buffer/SimpleLeakAwareCompositeByteBuf done
Event: 82.772 Thread 0x0000000021ddf800 Thread added: 0x0000000021ddf800
Event: 82.772 Thread 0x0000000021ddf800 Thread exited: 0x0000000021ddf800


Dynamic libraries:
0x00007ff71e350000 - 0x00007ff71e370000 	C:\neo4j-enterprise-4.0.3\bin\tools\prunsrv-amd64.exe
0x00007ffbe3ec0000 - 0x00007ffbe40b0000 	C:\Windows\SYSTEM32\ntdll.dll
0x00007ffbe2870000 - 0x00007ffbe2922000 	C:\Windows\System32\KERNEL32.DLL
0x00007ffbe1ac0000 - 0x00007ffbe1d65000 	C:\Windows\System32\KERNELBASE.dll
0x00007ffbe26f0000 - 0x00007ffbe2793000 	C:\Windows\System32\ADVAPI32.dll
0x00007ffbe3b20000 - 0x00007ffbe3bbe000 	C:\Windows\System32\msvcrt.dll
0x00007ffbe2cb0000 - 0x00007ffbe2d47000 	C:\Windows\System32\sechost.dll
0x00007ffbe3820000 - 0x00007ffbe393f000 	C:\Windows\System32\RPCRT4.dll
0x00007ffbe3130000 - 0x00007ffbe3818000 	C:\Windows\System32\SHELL32.dll
0x00007ffbe1170000 - 0x00007ffbe126a000 	C:\Windows\System32\ucrtbase.dll
0x00007ffbe1f20000 - 0x00007ffbe1f6a000 	C:\Windows\System32\cfgmgr32.dll
0x00007ffbe24d0000 - 0x00007ffbe2577000 	C:\Windows\System32\shcore.dll
0x00007ffbe2d50000 - 0x00007ffbe3087000 	C:\Windows\System32\combase.dll
0x00007ffbe0e40000 - 0x00007ffbe0ec1000 	C:\Windows\System32\bcryptPrimitives.dll
0x00007ffbe1270000 - 0x00007ffbe19eb000 	C:\Windows\System32\windows.storage.dll
0x00007ffbe19f0000 - 0x00007ffbe1a8e000 	C:\Windows\System32\msvcp_win.dll
0x00007ffbe0e10000 - 0x00007ffbe0e33000 	C:\Windows\System32\profapi.dll
0x00007ffbe0dc0000 - 0x00007ffbe0e0a000 	C:\Windows\System32\powrprof.dll
0x00007ffbe0d70000 - 0x00007ffbe0d80000 	C:\Windows\System32\UMPDC.dll
0x00007ffbe2a00000 - 0x00007ffbe2a52000 	C:\Windows\System32\shlwapi.dll
0x00007ffbe26c0000 - 0x00007ffbe26e6000 	C:\Windows\System32\GDI32.dll
0x00007ffbe0f80000 - 0x00007ffbe0fa1000 	C:\Windows\System32\win32u.dll
0x00007ffbe0fb0000 - 0x00007ffbe1148000 	C:\Windows\System32\gdi32full.dll
0x00007ffbe3bc0000 - 0x00007ffbe3d54000 	C:\Windows\System32\USER32.dll
0x00007ffbe0d80000 - 0x00007ffbe0d91000 	C:\Windows\System32\kernel.appcore.dll
0x00007ffbe1150000 - 0x00007ffbe1167000 	C:\Windows\System32\cryptsp.dll
0x00007ffbc6bd0000 - 0x00007ffbc772d000 	C:\Program Files\Java\jdk-13.0.2\bin\server\jvm.dll
0x00007ffbe3aa0000 - 0x00007ffbe3aa8000 	C:\Windows\System32\PSAPI.DLL
0x00007ffbde000000 - 0x00007ffbde00a000 	C:\Windows\SYSTEM32\VERSION.dll
0x00007ffbdf850000 - 0x00007ffbdf859000 	C:\Windows\SYSTEM32\WSOCK32.dll
0x00007ffbde070000 - 0x00007ffbde094000 	C:\Windows\SYSTEM32\WINMM.dll
0x00007ffbe3ab0000 - 0x00007ffbe3b1f000 	C:\Windows\System32\WS2_32.dll
0x00007ffbde040000 - 0x00007ffbde06d000 	C:\Windows\SYSTEM32\winmmbase.dll
0x00007ffbc87d0000 - 0x00007ffbc87e7000 	C:\Windows\SYSTEM32\VCRUNTIME140.dll
0x00007ffbc8740000 - 0x00007ffbc8750000 	C:\Program Files\Java\jdk-13.0.2\bin\verify.dll
0x00007ffbcc2c0000 - 0x00007ffbcc4b4000 	C:\Windows\SYSTEM32\DBGHELP.DLL
0x00007ffbd3710000 - 0x00007ffbd373a000 	C:\Windows\SYSTEM32\dbgcore.DLL
0x00007ffbc5e80000 - 0x00007ffbc5ea6000 	C:\Program Files\Java\jdk-13.0.2\bin\java.dll
0x00007ffbc5e60000 - 0x00007ffbc5e77000 	C:\Program Files\Java\jdk-13.0.2\bin\zip.dll
0x00007ffbc5e50000 - 0x00007ffbc5e5a000 	C:\Program Files\Java\jdk-13.0.2\bin\jimage.dll
0x00007ffbd3620000 - 0x00007ffbd3639000 	C:\Program Files\Java\jdk-13.0.2\bin\net.dll
0x00007ffbcd200000 - 0x00007ffbcd2f0000 	C:\Windows\SYSTEM32\WINHTTP.dll
0x00007ffbe05b0000 - 0x00007ffbe0617000 	C:\Windows\system32\mswsock.dll
0x00007ffbd3600000 - 0x00007ffbd3613000 	C:\Program Files\Java\jdk-13.0.2\bin\nio.dll
0x00007ffbd3580000 - 0x00007ffbd3589000 	C:\Program Files\Java\jdk-13.0.2\bin\management.dll
0x00007ffbd3490000 - 0x00007ffbd349b000 	C:\Program Files\Java\jdk-13.0.2\bin\management_ext.dll
0x00007ffbd34a0000 - 0x00007ffbd34b6000 	C:\Windows\system32\napinsp.dll
0x00007ffbd3060000 - 0x00007ffbd307a000 	C:\Windows\system32\pnrpnsp.dll
0x00007ffbe0300000 - 0x00007ffbe03cb000 	C:\Windows\SYSTEM32\DNSAPI.dll
0x00007ffbe2c90000 - 0x00007ffbe2c98000 	C:\Windows\System32\NSI.dll
0x00007ffbe02c0000 - 0x00007ffbe02fa000 	C:\Windows\SYSTEM32\IPHLPAPI.DLL
0x00007ffbd33e0000 - 0x00007ffbd33ee000 	C:\Windows\System32\winrnr.dll
0x00007ffbd0e60000 - 0x00007ffbd0e7c000 	C:\Windows\system32\NLAapi.dll
0x00007ffbd3040000 - 0x00007ffbd3055000 	C:\Windows\system32\wshbth.dll
0x00007ffbccf60000 - 0x00007ffbccf6a000 	C:\Windows\System32\rasadhlp.dll
0x00007ffbd0330000 - 0x00007ffbd03a7000 	C:\Windows\System32\fwpuclnt.dll
0x00007ffbe1a90000 - 0x00007ffbe1ab6000 	C:\Windows\System32\bcrypt.dll
0x00007ffbd0790000 - 0x00007ffbd07a6000 	C:\Windows\SYSTEM32\dhcpcsvc6.DLL
0x00007ffbd0770000 - 0x00007ffbd078c000 	C:\Windows\SYSTEM32\dhcpcsvc.DLL
0x00007ffbe0130000 - 0x00007ffbe0163000 	C:\Windows\system32\rsaenh.dll
0x00007ffbe0780000 - 0x00007ffbe078c000 	C:\Windows\SYSTEM32\CRYPTBASE.dll

dbghelp: loaded successfully - version: 4.0.5 - missing functions: none
symbol engine: initialized successfully - sym options: 0x614 - pdb path: .;C:\neo4j-enterprise-4.0.3\bin\tools;C:\Windows\SYSTEM32;C:\Program Files\Java\jdk-13.0.2\bin\server;C:\Program Files\Java\jdk-13.0.2\bin

VM Arguments:
jvm_args: -XX:+UnlockExperimentalVMOptions -XX:-OmitStackTraceInFastThrow -XX:+TrustFinalNonStaticFields -Dio.netty.tryReflectionSetAccessible=true -Dfile.encoding=UTF-8 -XX:+AlwaysPreTouch -Djdk.tls.ephemeralDHKeySize=2048 -Djdk.nio.maxCachedBufferSize=262144 -XX:+DisableExplicitGC -XX:+UseG1GC -Djdk.tls.rejectClientInitiatedRenegotiation=true exit abort 
java_command: <unknown>
java_class_path (initial): lib/activation-1.1.1.jar;lib/aeron-client-1.15.1.jar;lib/aeron-driver-1.15.1.jar;lib/agrona-0.9.31.jar;lib/akka-actor_2.12-2.5.22.jar;lib/akka-cluster-tools_2.12-2.5.22.jar;lib/akka-cluster_2.12-2.5.22.jar;lib/akka-coordination_2.12-2.5.22.jar;lib/akka-distributed-data_2.12-2.5.22.jar;lib/akka-protobuf_2.12-2.5.22.jar;lib/akka-remote_2.12-2.5.22.jar;lib/akka-stream_2.12-2.5.22.jar;lib/annotations-4.0.3.jar;lib/asm-7.2.jar;lib/asm-analysis-7.2.jar;lib/asm-tree-7.2.jar;lib/asm-util-7.2.jar;lib/bcpkix-jdk15on-1.64.jar;lib/bcprov-jdk15on-1.64.jar;lib/caffeine-2.8.0.jar;lib/commons-beanutils-1.9.4.jar;lib/commons-collections-3.2.2.jar;lib/commons-compress-1.19.jar;lib/commons-configuration-1.10.jar;lib/commons-io-2.6.jar;lib/commons-lang-2.6.jar;lib/commons-lang3-3.9.jar;lib/commons-logging-1.2.jar;lib/commons-text-1.7.jar;lib/config-1.3.3.jar;lib/eclipse-collections-10.0.0.jar;lib/eclipse-collections-api-10.0.0.jar;lib/FastInfoset-1.2.16.jar;lib/hk2-api-2.5.0.jar;lib/hk2-locator-2.5.0.jar;lib/hk2-utils-2.5.0.jar;lib/istack-commons-runtime-3.0.8.jar;lib/jackson-annotations-2.10.0.jar;lib/jackson-core-2.10.0.jar;lib/jackson-databind-2.10.0.jar;lib/jackson-jaxrs-base-2.10.0.jar;lib/jackson-jaxrs-json-provider-2.10.0.jar;lib/jackson-module-jaxb-annotations-2.10.0.jar;lib/jakarta.activation-1.2.1.jar;lib/jakarta.activation-api-1.2.1.jar;lib/jakarta.annotation-api-1.3.4.jar;lib/jakarta.inject-2.5.0.jar;lib/jakarta.ws.rs-api-2.1.5.jar;lib/jakarta.xml.bind-api-2.3.2.jar;lib/javassist-3.22.0-CR2.jar;lib/javax.servlet-api-3.1.0.jar;lib/javax.ws.rs-api-2.1.1.jar;lib/jaxb-api-2.3.0.jar;lib/jaxb-runtime-2.3.2.jar;lib/jctools-core-2.1.2.jar;lib/jersey-client-2.29.jar;lib/jersey-common-2.29.jar;lib/jersey-container-servlet-2.29.jar;lib/jersey-container-servlet-core-2.29.jar;lib/jersey-hk2-2.29.jar;lib/jersey-media-jaxb-2.29.jar;lib/jersey-server-2.29.jar;lib/jetty-client-9.4.17.v20190418.jar;lib/jetty-http-9.4.17.v20190418.jar;lib/jetty-io-9.4.17.v20190418
Launcher Type: generic

[Global flags]
     bool AlwaysPreTouch                           = true                                      {product} {command line}
     intx CICompilerCount                          = 3                                         {product} {ergonomic}
     uint ConcGCThreads                            = 1                                         {product} {ergonomic}
     bool DisableExplicitGC                        = true                                      {product} {command line}
     uint G1ConcRefinementThreads                  = 4                                         {product} {ergonomic}
   size_t G1HeapRegionSize                         = 1048576                                   {product} {ergonomic}
    uintx GCDrainStackTargetSize                   = 64                                        {product} {ergonomic}
   size_t InitialHeapSize                          = 67108864                                  {product} {ergonomic}
   size_t MarkStackSize                            = 4194304                                   {product} {ergonomic}
   size_t MaxHeapSize                              = 1046478848                                {product} {ergonomic}
   size_t MaxNewSize                               = 627048448                                 {product} {ergonomic}
   size_t MinHeapDeltaBytes                        = 1048576                                   {product} {ergonomic}
   size_t MinHeapSize                              = 8388608                                   {product} {ergonomic}
    uintx NonNMethodCodeHeapSize                   = 5832780                                {pd product} {ergonomic}
    uintx NonProfiledCodeHeapSize                  = 122912730                              {pd product} {ergonomic}
     bool OmitStackTraceInFastThrow                = false                                     {product} {command line}
    uintx ProfiledCodeHeapSize                     = 122912730                              {pd product} {ergonomic}
    uintx ReservedCodeCacheSize                    = 251658240                              {pd product} {ergonomic}
     bool SegmentedCodeCache                       = true                                      {product} {ergonomic}
   size_t SoftMaxHeapSize                          = 1046478848                             {manageable} {ergonomic}
     bool TrustFinalNonStaticFields                = true                                 {experimental} {command line}
     bool UnlockExperimentalVMOptions              = true                                 {experimental} {command line}
     bool UseCompressedClassPointers               = true                                 {lp64_product} {ergonomic}
     bool UseCompressedOops                        = true                                 {lp64_product} {ergonomic}
     bool UseFastUnorderedTimeStamps               = true                                 {experimental} {ergonomic}
     bool UseG1GC                                  = true                                      {product} {command line}
     bool UseLargePagesIndividualAllocation        = false                                  {pd product} {ergonomic}

Logging:
Log output configuration:
 #0: stdout all=warning uptime,level,tags
 #1: stderr all=off uptime,level,tags

Environment Variables:
JAVA_HOME=C:\Program Files\Java\jdk-13.0.2
PATH=C:\Program Files\Java\jdk-13.0.2\bin;C:\Program Files (x86)\Common Files\Intel\Shared Files\cpp\bin\Intel64;C:\Windows\system32;C:\Windows;C:\Windows\System32\Wbem;C:\Windows\System32\WindowsPowerShell\v1.0\;C:\Windows\System32\OpenSSH\;C:\xampp\php;C:\ProgramData\ComposerSetup\bin;C:\Program Files\Git\cmd;C:\Program Files\Java\jdk-13.0.2\bin;C:\Windows\system32\config\systemprofile\AppData\Local\Microsoft\WindowsApps
USERNAME=DESKTOP-3S8PP9D$
OS=Windows_NT
PROCESSOR_IDENTIFIER=Intel64 Family 6 Model 78 Stepping 3, GenuineIntel



---------------  S Y S T E M  ---------------

OS: Windows 10 , 64 bit Build 18362 (10.0.18362.1316)

CPU:total 4 (initial active 4) (2 cores per cpu, 2 threads per core) family 6 model 78 stepping 3, cmov, cx8, fxsr, mmx, sse, sse2, sse3, ssse3, sse4.1, sse4.2, popcnt, avx, avx2, aes, clmul, erms, 3dnowpref, lzcnt, ht, tsc, tscinvbit, bmi1, bmi2, adx, fma

Memory: 4k page, system-wide physical 3987M (2512M free)
TotalPageFile size 8851M (AvailPageFile size 7432M)
current process WorkingSet (physical memory assigned to process): 176M, peak: 198M
current process commit charge ("private bytes"): 208M, peak: 231M

vm_info: Java HotSpot(TM) 64-Bit Server VM (13.0.2+8) for windows-amd64 JRE (13.0.2+8), built on Dec 11 2019 09:20:33 by "mach5one" with unknown MS VC++:1916

END.
